<?xml version="1.0" encoding="UTF-8" ?>
<testsuite tests="8" failures="0" name="adventure.JsonTest" time="0.179" errors="0" skipped="0">
  <properties>
[...]
</properties>
  <testcase classname="adventure.JsonTest" name="testBrokenAdventureNoExits" time="0.053"/>
  <testcase classname="adventure.JsonTest" name="testDefaultAdventureRoomIds" time="0.003"/>
  <testcase classname="adventure.JsonTest" name="testBrokenAdventureBrokenExits" time="0.065"/>
  <testcase classname="adventure.JsonTest" name="testDefaultAdventureBrokenExits" time="0.004"/>
  <testcase classname="adventure.JsonTest" name="testBrokenAdventureItems" time="0.011"/>
  <testcase classname="adventure.JsonTest" name="testDefaultAdventureItems" time="0.035"/>
  <testcase classname="adventure.JsonTest" name="testDefaultAdventureNoExits" time="0.005"/>
  <testcase classname="adventure.JsonTest" name="testBrokenAdventureRoomIds" time="0.003"/>
</testsuite>